# JRE version: Java(TM) SE Runtime Environment (8.0_281-b09) (build 1.8.0_281-b09)
# Java VM: Java HotSpot(TM) 64-Bit Server VM (25.281-b09 mixed mode windows-amd64 compressed oops)
Heap:
 PSYoungGen      total 70656K, used 9657K [0x00000000d6700000, 0x00000000db100000, 0x0000000100000000)
  eden space 65536K, 14% used [0x00000000d6700000,0x00000000d706e5e8,0x00000000da700000)
  from space 5120K, 0% used [0x00000000dac00000,0x00000000dac00000,0x00000000db100000)
  to   space 5120K, 0% used [0x00000000da700000,0x00000000da700000,0x00000000dac00000)
 ParOldGen       total 70144K, used 13736K [0x0000000083400000, 0x0000000087880000, 0x00000000d6700000)
  object space 70144K, 19% used [0x0000000083400000,0x000000008416a388,0x0000000087880000)
 Metaspace       used 21902K, capacity 22490K, committed 22704K, reserved 1069056K
  class space    used 2600K, capacity 2783K, committed 2816K, reserved 1048576K
GC Heap History (10 events):
Event: 1.596 GC heap before
{Heap before GC invocations=3 (full 0):
 PSYoungGen      total 37888K, used 37870K [0x00000000d6700000, 0x00000000db100000, 0x0000000100000000)
  eden space 32768K, 100% used [0x00000000d6700000,0x00000000d8700000,0x00000000d8700000)
  from space 5120K, 99% used [0x00000000d8c00000,0x00000000d90fb8d8,0x00000000d9100000)
  to   space 5120K, 0% used [0x00000000d8700000,0x00000000d8700000,0x00000000d8c00000)
 ParOldGen       total 86016K, used 2233K [0x0000000083400000, 0x0000000088800000, 0x00000000d6700000)
  object space 86016K, 2% used [0x0000000083400000,0x000000008362e668,0x0000000088800000)
 Metaspace       used 15331K, capacity 15528K, committed 15872K, reserved 1062912K
  class space    used 1851K, capacity 1940K, committed 2048K, reserved 1048576K
Event: 1.602 GC heap after
Heap after GC invocations=3 (full 0):
 PSYoungGen      total 37888K, used 5088K [0x00000000d6700000, 0x00000000db100000, 0x0000000100000000)
  eden space 32768K, 0% used [0x00000000d6700000,0x00000000d6700000,0x00000000d8700000)
  from space 5120K, 99% used [0x00000000d8700000,0x00000000d8bf8040,0x00000000d8c00000)
  to   space 5120K, 0% used [0x00000000dac00000,0x00000000dac00000,0x00000000db100000)
 ParOldGen       total 86016K, used 5683K [0x0000000083400000, 0x0000000088800000, 0x00000000d6700000)
  object space 86016K, 6% used [0x0000000083400000,0x000000008398cf88,0x0000000088800000)
 Metaspace       used 15331K, capacity 15528K, committed 15872K, reserved 1062912K
  class space    used 1851K, capacity 1940K, committed 2048K, reserved 1048576K
}
Event: 1.966 GC heap before
{Heap before GC invocations=4 (full 0):
 PSYoungGen      total 37888K, used 37856K [0x00000000d6700000, 0x00000000db100000, 0x0000000100000000)
  eden space 32768K, 100% used [0x00000000d6700000,0x00000000d8700000,0x00000000d8700000)
  from space 5120K, 99% used [0x00000000d8700000,0x00000000d8bf8040,0x00000000d8c00000)
  to   space 5120K, 0% used [0x00000000dac00000,0x00000000dac00000,0x00000000db100000)
 ParOldGen       total 86016K, used 5683K [0x0000000083400000, 0x0000000088800000, 0x00000000d6700000)
  object space 86016K, 6% used [0x0000000083400000,0x000000008398cf88,0x0000000088800000)
 Metaspace       used 15651K, capacity 15922K, committed 16128K, reserved 1062912K
  class space    used 1869K, capacity 1979K, committed 2048K, reserved 1048576K
Event: 1.972 GC heap after
Heap after GC invocations=4 (full 0):
 PSYoungGen      total 70656K, used 5088K [0x00000000d6700000, 0x00000000db100000, 0x0000000100000000)
  eden space 65536K, 0% used [0x00000000d6700000,0x00000000d6700000,0x00000000da700000)
  from space 5120K, 99% used [0x00000000dac00000,0x00000000db0f8040,0x00000000db100000)
  to   space 5120K, 0% used [0x00000000da700000,0x00000000da700000,0x00000000dac00000)
 ParOldGen       total 86016K, used 8973K [0x0000000083400000, 0x0000000088800000, 0x00000000d6700000)
  object space 86016K, 10% used [0x0000000083400000,0x0000000083cc37f8,0x0000000088800000)
 Metaspace       used 15651K, capacity 15922K, committed 16128K, reserved 1062912K
  class space    used 1869K, capacity 1979K, committed 2048K, reserved 1048576K
}
Event: 2.795 GC heap before
{Heap before GC invocations=5 (full 0):
 PSYoungGen      total 70656K, used 70624K [0x00000000d6700000, 0x00000000db100000, 0x0000000100000000)
  eden space 65536K, 100% used [0x00000000d6700000,0x00000000da700000,0x00000000da700000)
  from space 5120K, 99% used [0x00000000dac00000,0x00000000db0f8040,0x00000000db100000)
  to   space 5120K, 0% used [0x00000000da700000,0x00000000da700000,0x00000000dac00000)
 ParOldGen       total 86016K, used 8973K [0x0000000083400000, 0x0000000088800000, 0x00000000d6700000)
  object space 86016K, 10% used [0x0000000083400000,0x0000000083cc37f8,0x0000000088800000)
 Metaspace       used 17445K, capacity 17888K, committed 18048K, reserved 1064960K
  class space    used 2018K, capacity 2161K, committed 2176K, reserved 1048576K
Event: 2.802 GC heap after
Heap after GC invocations=5 (full 0):
 PSYoungGen      total 70656K, used 5111K [0x00000000d6700000, 0x00000000db100000, 0x0000000100000000)
  eden space 65536K, 0% used [0x00000000d6700000,0x00000000d6700000,0x00000000da700000)
  from space 5120K, 99% used [0x00000000da700000,0x00000000dabfdd38,0x00000000dac00000)
  to   space 5120K, 0% used [0x00000000dac00000,0x00000000dac00000,0x00000000db100000)
 ParOldGen       total 86016K, used 13604K [0x0000000083400000, 0x0000000088800000, 0x00000000d6700000)
  object space 86016K, 15% used [0x0000000083400000,0x0000000084149100,0x0000000088800000)
 Metaspace       used 17445K, capacity 17888K, committed 18048K, reserved 1064960K
  class space    used 2018K, capacity 2161K, committed 2176K, reserved 1048576K
}
Event: 3.079 GC heap before
{Heap before GC invocations=6 (full 0):
 PSYoungGen      total 70656K, used 20885K [0x00000000d6700000, 0x00000000db100000, 0x0000000100000000)
  eden space 65536K, 24% used [0x00000000d6700000,0x00000000d7667730,0x00000000da700000)
  from space 5120K, 99% used [0x00000000da700000,0x00000000dabfdd38,0x00000000dac00000)
  to   space 5120K, 0% used [0x00000000dac00000,0x00000000dac00000,0x00000000db100000)
 ParOldGen       total 86016K, used 13604K [0x0000000083400000, 0x0000000088800000, 0x00000000d6700000)
  object space 86016K, 15% used [0x0000000083400000,0x0000000084149100,0x0000000088800000)
 Metaspace       used 20597K, capacity 21114K, committed 21296K, reserved 1069056K
  class space    used 2443K, capacity 2623K, committed 2688K, reserved 1048576K
Event: 3.086 GC heap after
Heap after GC invocations=6 (full 0):
 PSYoungGen      total 70656K, used 5120K [0x00000000d6700000, 0x00000000db100000, 0x0000000100000000)
  eden space 65536K, 0% used [0x00000000d6700000,0x00000000d6700000,0x00000000da700000)
  from space 5120K, 100% used [0x00000000dac00000,0x00000000db100000,0x00000000db100000)
  to   space 5120K, 0% used [0x00000000da700000,0x00000000da700000,0x00000000dac00000)
 ParOldGen       total 86016K, used 15207K [0x0000000083400000, 0x0000000088800000, 0x00000000d6700000)
  object space 86016K, 17% used [0x0000000083400000,0x00000000842d9dd8,0x0000000088800000)
 Metaspace       used 20597K, capacity 21114K, committed 21296K, reserved 1069056K
  class space    used 2443K, capacity 2623K, committed 2688K, reserved 1048576K
}
Event: 3.086 GC heap before
{Heap before GC invocations=7 (full 1):
 PSYoungGen      total 70656K, used 5120K [0x00000000d6700000, 0x00000000db100000, 0x0000000100000000)
  eden space 65536K, 0% used [0x00000000d6700000,0x00000000d6700000,0x00000000da700000)
  from space 5120K, 100% used [0x00000000dac00000,0x00000000db100000,0x00000000db100000)
  to   space 5120K, 0% used [0x00000000da700000,0x00000000da700000,0x00000000dac00000)
 ParOldGen       total 86016K, used 15207K [0x0000000083400000, 0x0000000088800000, 0x00000000d6700000)
  object space 86016K, 17% used [0x0000000083400000,0x00000000842d9dd8,0x0000000088800000)
 Metaspace       used 20597K, capacity 21114K, committed 21296K, reserved 1069056K
  class space    used 2443K, capacity 2623K, committed 2688K, reserved 1048576K
Event: 3.134 GC heap after
Heap after GC invocations=7 (full 1):
 PSYoungGen      total 70656K, used 0K [0x00000000d6700000, 0x00000000db100000, 0x0000000100000000)
  eden space 65536K, 0% used [0x00000000d6700000,0x00000000d6700000,0x00000000da700000)
  from space 5120K, 0% used [0x00000000dac00000,0x00000000dac00000,0x00000000db100000)
  to   space 5120K, 0% used [0x00000000da700000,0x00000000da700000,0x00000000dac00000)
 ParOldGen       total 70144K, used 13736K [0x0000000083400000, 0x0000000087880000, 0x00000000d6700000)
  object space 70144K, 19% used [0x0000000083400000,0x000000008416a388,0x0000000087880000)
 Metaspace       used 20597K, capacity 21114K, committed 21296K, reserved 1069056K
  class space    used 2443K, capacity 2623K, committed 2688K, reserved 1048576K
}

